<?xml version="1.0" encoding="UTF-8"?>
<testsuite name="service.TestServiceMovie" tests="1" skipped="0" failures="0" errors="0" timestamp="2021-03-16T23:14:48" hostname="DESKTOP-C2O3RQA" time="0.025">
  <properties/>
  <testcase name="testFilterCinemasByMovie()" classname="service.TestServiceMovie" time="0.025"/>
  <system-out><![CDATA[]]></system-out>
  <system-err><![CDATA[]]></system-err>
</testsuite>
